<?xml version="1.0" encoding="UTF-8"?>
<Patient>
	<Name>test-ct6132016</Name>
	<Study name="STUDY01">
		<Series id="STUDY01_SERIES01">
			<SeriesDescription>BONE AX</SeriesDescription>
     	</Series>
     </Study>
</Patient>